Base path: G:/Tools/Unity/Editor/Data
Pipe name: \\.\pipe\UnityShaderCompiler-64bit-1-5296
Cmd: getPlatforms
Cmd: preprocess
  insize=435 outsize=435 ok=1
Cmd: preprocess
  insize=2317 outsize=849 ok=1
Cmd: preprocess
  insize=1571 outsize=492 ok=1
Cmd: preprocess
  insize=2886 outsize=889 ok=1
Cmd: preprocess
  insize=2330 outsize=478 ok=1
Cmd: preprocess
  insize=1986 outsize=887 ok=1
Cmd: preprocess
  insize=1964 outsize=478 ok=1
Cmd: preprocess
  insize=1044 outsize=1035 ok=1
Cmd: compileSnippet
  api=4 type=0 insize=6892 outsize=3281 kw=DIRECTIONAL SHADOWS_OFF LIGHTMAP_OFF DIRLIGHTMAP_OFF DYNAMICLIGHTMAP_OFF pd= ok=1
Cmd: compileSnippet
  api=4 type=1 insize=6892 outsize=1469 kw=DIRECTIONAL SHADOWS_OFF LIGHTMAP_OFF DIRLIGHTMAP_OFF DYNAMICLIGHTMAP_OFF pd= ok=1
Cmd: compileSnippet
  api=4 type=0 insize=3944 outsize=2753 kw=POINT pd= ok=1
Cmd: compileSnippet
  api=4 type=1 insize=3944 outsize=2151 kw=POINT pd= ok=1
Cmd: compileSnippet
  api=4 type=0 insize=3411 outsize=2103 kw= pd= ok=1
Cmd: compileSnippet
  api=4 type=1 insize=3411 outsize=1266 kw= pd= ok=1
Cmd: preprocess
  insize=2450 outsize=535 ok=1
Cmd: preprocess
  insize=2083 outsize=533 ok=1
Cmd: preprocess
  insize=1404 outsize=609 ok=1
Cmd: preprocess
  insize=1452 outsize=830 ok=1
Cmd: preprocess
  insize=1503 outsize=625 ok=1
Cmd: preprocess
  insize=2684 outsize=849 ok=1
Cmd: preprocess
  insize=1636 outsize=878 ok=1
Cmd: preprocess
  insize=1560 outsize=533 ok=1
Cmd: preprocess
  insize=1357 outsize=642 ok=1
Cmd: compileSnippet
  api=4 type=0 insize=1021 outsize=1769 kw= pd= ok=1
Cmd: compileSnippet
  api=4 type=1 insize=1021 outsize=518 kw= pd= ok=1
Cmd: preprocess
  insize=1428 outsize=478 ok=1
Cmd: preprocess
  insize=2519 outsize=887 ok=1
Cmd: preprocess
  insize=1784 outsize=847 ok=1
Cmd: preprocess
  insize=2474 outsize=494 ok=1
Cmd: preprocess
  insize=1310 outsize=384 ok=1
Cmd: preprocess
  insize=1465 outsize=506 ok=1
Cmd: preprocess
  insize=1414 outsize=840 ok=1
Cmd: preprocess
  insize=1464 outsize=884 ok=1
Cmd: preprocess
  insize=1287 outsize=490 ok=1
Cmd: preprocess
  insize=1232 outsize=482 ok=1
Cmd: preprocess
  insize=2107 outsize=491 ok=1
Cmd: compileSnippet
  api=4 type=0 insize=3944 outsize=2753 kw=DIRECTIONAL pd= ok=1
Cmd: compileSnippet
  api=4 type=1 insize=3944 outsize=1371 kw=DIRECTIONAL pd= ok=1
